--- Startup times for process: Primary (or UI client) ---

times in msec
 clock   self+sourced   self:  sourced script
 clock   elapsed:              other lines

000.002  000.002: --- NVIM STARTING ---
000.136  000.134: event init
000.211  000.076: early init
000.288  000.077: locale set
000.342  000.054: init first window
000.726  000.384: inits 1
000.735  000.009: window checked
000.738  000.003: parsing arguments
001.142  000.032  000.032: require('vim.shared')
001.230  000.029  000.029: require('vim.inspect')
001.263  000.026  000.026: require('vim._options')
001.264  000.106  000.052: require('vim._editor')
001.265  000.177  000.039: require('vim._init_packages')
001.267  000.352: init lua interpreter
003.496  002.229: nvim_ui_attach
004.092  000.596: nvim_set_client_info
004.100  000.008: --- NVIM STARTED ---

--- Startup times for process: Embedded ---

times in msec
 clock   self+sourced   self:  sourced script
 clock   elapsed:              other lines

000.003  000.003: --- NVIM STARTING ---
000.158  000.155: event init
000.252  000.094: early init
000.363  000.111: locale set
000.455  000.092: init first window
001.150  000.695: inits 1
001.172  000.022: window checked
001.176  000.004: parsing arguments
001.677  000.034  000.034: require('vim.shared')
001.755  000.035  000.035: require('vim.inspect')
001.797  000.034  000.034: require('vim._options')
001.798  000.117  000.048: require('vim._editor')
001.799  000.177  000.026: require('vim._init_packages')
001.801  000.448: init lua interpreter
001.853  000.053: expanding arguments
001.865  000.011: inits 2
002.131  000.266: init highlight
002.132  000.001: waiting for UI
002.235  000.103: done waiting for UI
002.242  000.007: clear screen
002.354  000.008  000.008: require('vim.keymap')
003.000  000.107  000.107: sourcing nvim_exec2()
003.169  000.925  000.810: require('vim._defaults')
003.170  000.004: init default mappings & autocommands
003.308  000.137: --cmd commands
013.236  000.041  000.041: sourcing /nix/store/hfkb9ra95dxapix5pdzs8zs70ggkrlxr-neovim-unwrapped-0.11.4/share/nvim/runtime/ftplugin.vim
014.555  000.036  000.036: sourcing /nix/store/hfkb9ra95dxapix5pdzs8zs70ggkrlxr-neovim-unwrapped-0.11.4/share/nvim/runtime/indent.vim
015.865  000.124  000.124: require('tokyonight.config')
015.868  000.408  000.284: require('tokyonight')
016.603  000.213  000.213: require('tokyonight.util')
016.608  000.354  000.142: require('tokyonight.theme')
016.788  000.148  000.148: require('tokyonight.colors')
017.385  000.363  000.363: require('tokyonight.hsluv')
017.784  000.186  000.186: require('tokyonight.groups')
018.958  000.128  000.128: require('tokyonight.groups.kinds')
021.560  005.430  004.252: sourcing /nix/store/9vm1ybl40ds3k5p87a42aww4hlhsjxkv-vim-pack-dir/pack/myNeovimPackages/start/tokyonight.nvim/colors/tokyonight.lua
021.584  005.704  000.273: sourcing nvim_exec2() called at /home/zelda/.config/nvim/init.lua:0
021.981  000.007  000.007: require('vim.F')
023.339  001.350  001.350: require('nvim-web-devicons.icons-default')
023.487  001.900  000.543: require('nvim-web-devicons')
026.008  000.871  000.871: require('mini.ai')
026.447  000.262  000.262: require('mini.comment')
026.853  000.335  000.335: require('mini.pairs')
027.777  000.064  000.064: require('cmp.utils.debug')
028.032  000.115  000.115: require('cmp.utils.char')
028.036  000.257  000.141: require('cmp.utils.str')
028.470  000.151  000.151: require('cmp.utils.misc')
028.536  000.065  000.065: require('cmp.utils.buffer')
028.638  000.101  000.101: require('cmp.utils.api')
028.644  000.515  000.198: require('cmp.utils.keymap')
028.645  000.608  000.093: require('cmp.utils.feedkeys')
029.267  000.074  000.074: require('cmp.types.cmp')
029.419  000.151  000.151: require('cmp.types.lsp')
029.477  000.056  000.056: require('cmp.types.vim')
029.479  000.343  000.062: require('cmp.types')
029.483  000.500  000.157: require('cmp.config.mapping')
029.558  000.074  000.074: require('cmp.utils.cache')
029.861  000.188  000.188: require('cmp.config.compare')
029.935  000.074  000.074: require('cmp.config.window')
029.936  000.376  000.115: require('cmp.config.default')
029.960  001.135  000.185: require('cmp.config')
029.974  001.328  000.192: require('cmp.utils.async')
030.154  000.067  000.067: require('cmp.utils.pattern')
030.158  000.183  000.116: require('cmp.context')
031.115  000.332  000.332: require('cmp.utils.snippet')
031.311  000.194  000.194: require('cmp.matcher')
033.097  002.687  002.160: require('cmp.entry')
033.108  002.949  000.262: require('cmp.source')
033.478  000.083  000.083: require('cmp.utils.event')
034.032  000.067  000.067: require('cmp.utils.options')
034.035  000.317  000.250: require('cmp.utils.window')
034.037  000.556  000.239: require('cmp.view.docs_view')
034.867  000.156  000.156: require('cmp.utils.autocmd')
034.888  000.851  000.695: require('cmp.view.custom_entries_view')
035.346  000.456  000.456: require('cmp.view.wildmenu_entries_view')
035.555  000.207  000.207: require('cmp.view.native_entries_view')
035.693  000.137  000.137: require('cmp.view.ghost_text_view')
035.702  002.593  000.302: require('cmp.view')
036.610  009.231  001.250: require('cmp.core')
036.752  000.072  000.072: require('cmp.config.sources')
036.780  009.659  000.355: require('cmp')
037.240  000.147  000.147: require('which-key')
037.483  000.238  000.238: require('which-key.config')
037.638  000.104  000.104: require('trouble')
037.848  000.209  000.209: require('trouble.config')
038.252  000.235  000.235: require('trouble.util')
038.254  000.383  000.147: require('trouble.config.highlights')
039.060  000.117  000.117: require('trouble.cache')
039.277  000.215  000.215: require('trouble.format')
039.397  000.119  000.119: require('trouble.view.indent')
039.574  000.176  000.176: require('trouble.view.text')
039.577  000.931  000.303: require('trouble.view.render')
039.579  001.089  000.158: require('trouble.view.preview')
039.581  001.221  000.132: require('trouble.view.main')
039.620  000.019  000.019: require('vim.fs')
051.782  000.167  000.167: require('vim.treesitter.language')
051.921  000.125  000.125: require('vim.func')
052.079  000.138  000.138: require('vim.func._memoize')
052.210  001.135  000.706: require('vim.treesitter.query')
052.377  000.165  000.165: require('vim.treesitter._range')
052.389  001.877  000.577: require('vim.treesitter.languagetree')
052.394  003.347  001.470: require('vim.treesitter')
052.397  003.475  000.128: require('nvim-treesitter.compat')
054.265  001.439  001.439: require('nvim-treesitter.parsers')
054.460  000.192  000.192: require('nvim-treesitter.utils')
054.468  001.921  000.290: require('nvim-treesitter.ts_utils')
054.474  002.075  000.154: require('nvim-treesitter.tsrange')
054.575  000.100  000.100: require('nvim-treesitter.caching')
054.595  005.969  000.319: require('nvim-treesitter.query')
054.613  014.827  008.857: require('nvim-treesitter.configs')
055.127  000.093  000.093: require('toggleterm.lazy')
055.217  000.087  000.087: require('toggleterm.constants')
055.775  000.556  000.556: require('toggleterm.terminal')
055.785  001.146  000.409: require('toggleterm')
056.106  000.149  000.149: require('toggleterm.colors')
056.277  000.170  000.170: require('toggleterm.utils')
056.285  000.498  000.180: require('toggleterm.config')
056.580  000.280  000.280: require('vim.version')
057.821  000.216  000.216: require('toggleterm.commandline')
058.108  000.134  000.134: require('telescope._extensions')
058.111  000.278  000.143: require('telescope')
059.880  000.225  000.225: require('plenary.bit')
059.994  000.113  000.113: require('plenary.functional')
060.009  000.008  000.008: require('ffi')
060.025  001.159  000.813: require('plenary.path')
060.034  001.389  000.231: require('plenary.strings')
060.125  000.090  000.090: require('telescope.deprecated')
060.743  000.239  000.239: require('plenary.log')
060.809  000.387  000.148: require('telescope.log')
061.624  000.087  000.087: require('plenary.compat')
061.630  000.400  000.313: require('plenary.job')
061.729  000.097  000.097: require('telescope.state')
061.740  000.930  000.432: require('telescope.utils')
061.744  001.618  000.301: require('telescope.sorters')
062.721  004.608  001.511: require('telescope.config')
063.637  000.194  000.194: require('fzf_lib')
063.641  000.404  000.210: require('telescope._extensions.fzf')
063.888  000.102  000.102: require('telescope.actions.state')
064.040  000.150  000.150: require('telescope.actions.utils')
064.338  000.158  000.158: require('telescope.config.resolve')
064.339  000.299  000.141: require('telescope.pickers.entry_display')
065.198  000.705  000.705: require('telescope.make_entry')
065.834  000.090  000.090: require('plenary.tbl')
065.837  000.210  000.120: require('plenary.vararg.rotate')
065.838  000.289  000.079: require('plenary.vararg')
065.930  000.091  000.091: require('plenary.errors')
065.932  000.518  000.138: require('plenary.async.async')
066.413  000.108  000.108: require('plenary.async.structs')
066.441  000.285  000.177: require('plenary.async.control')
066.444  000.425  000.140: require('plenary.async.util')
066.446  000.512  000.087: require('plenary.async.tests')
066.447  001.133  000.103: require('plenary.async')
066.448  001.248  000.115: require('telescope.finders.async_static_finder')
066.891  000.106  000.106: require('plenary.class')
066.947  000.379  000.274: require('telescope._')
066.948  000.499  000.120: require('telescope.finders.async_oneshot_finder')
067.064  000.115  000.115: require('telescope.finders.async_job_finder')
067.067  002.727  000.161: require('telescope.finders')
068.409  000.209  000.209: require('plenary.window.border')
068.493  000.082  000.082: require('plenary.window')
068.578  000.084  000.084: require('plenary.popup.utils')
068.581  000.652  000.278: require('plenary.popup')
069.570  000.135  000.135: require('telescope.pickers.scroller')
069.952  000.174  000.174: require('telescope.actions.mt')
069.967  000.396  000.222: require('telescope.actions.set')
070.067  000.099  000.099: require('telescope.from_entry')
070.193  001.611  000.981: require('telescope.actions')
070.354  000.159  000.159: require('telescope.debounce')
070.562  000.207  000.207: require('telescope.mappings')
070.706  000.144  000.144: require('telescope.pickers.highlights')
070.807  000.099  000.099: require('telescope.pickers.window')
070.921  000.114  000.114: require('telescope.pickers.layout')
071.231  000.151  000.151: require('telescope.algos.linked_list')
071.234  000.312  000.160: require('telescope.entry_manager')
071.336  000.102  000.102: require('telescope.pickers.multi')
071.348  004.280  000.881: require('telescope.pickers')
071.566  000.044  000.044: require('harpoon.utils')
071.568  000.107  000.063: require('harpoon.logger')
071.793  000.037  000.037: require('harpoon.autocmd')
071.795  000.117  000.081: require('harpoon.buffer')
071.867  000.071  000.071: require('harpoon.extensions')
071.869  000.300  000.111: require('harpoon.ui')
071.973  000.103  000.103: require('harpoon.data')
072.099  000.125  000.125: require('harpoon.config')
072.368  000.268  000.268: require('harpoon.list')
075.244  003.895  002.991: require('harpoon')
075.247  011.560  000.108: require('telescope._extensions.marks')
075.249  011.604  000.044: require('telescope._extensions.harpoon')
075.522  000.088  000.088: require('persistence.config')
075.525  000.274  000.186: require('persistence')
076.353  000.802  000.802: require('oil')
076.455  000.100  000.100: require('oil.ringbuf')
076.702  000.245  000.245: require('oil.config')
078.128  001.303  001.303: require('vim.filetype')
078.947  000.150  000.150: require('oil.log')
078.963  000.467  000.317: require('oil.fs')
079.685  000.084  000.084: require('oil.constants')
079.694  000.730  000.646: require('oil.util')
080.254  000.088  000.088: require('notify.util.queue')
080.259  000.246  000.158: require('notify.util')
080.368  000.028  000.028: sourcing nvim_exec2() called at /home/zelda/.config/nvim/init.lua:0
080.380  000.010  000.010: sourcing nvim_exec2() called at /home/zelda/.config/nvim/init.lua:0
080.382  000.122  000.085: require('notify.config.highlights')
080.384  000.539  000.171: require('notify.config')
080.639  000.067  000.067: require('notify.stages')
080.748  000.108  000.108: require('notify.service.notification')
081.169  000.106  000.106: require('notify.animate.spring')
081.170  000.170  000.064: require('notify.animate')
081.173  000.424  000.254: require('notify.windows')
081.678  000.176  000.176: require('notify.service.buffer.highlights')
081.682  000.369  000.193: require('notify.service.buffer')
081.684  000.510  000.141: require('notify.service')
081.892  000.207  000.207: require('notify.stages.util')
081.894  001.509  000.193: require('notify.instance')
081.902  002.205  000.157: require('notify')
082.061  000.123  000.123: require('notify.stages.fade_in_slide_out')
082.092  000.013  000.013: sourcing nvim_exec2() called at /home/zelda/.config/nvim/init.lua:0
082.098  000.004  000.004: sourcing nvim_exec2() called at /home/zelda/.config/nvim/init.lua:0
082.290  000.067  000.067: require('noice.util.lazy')
082.298  000.199  000.132: require('noice')
082.946  000.423  000.423: require('vim.health')
083.818  000.245  000.245: require('noice.util.call')
083.834  000.883  000.639: require('noice.util')
083.844  001.544  000.238: require('noice.health')
084.373  000.445  000.445: require('noice.config')
084.596  000.214  000.214: require('neo-tree')
085.018  000.420  000.420: require('neo-tree.log')
086.380  000.051  000.051: require('luasnip.util.types')
086.428  000.046  000.046: require('luasnip.util.lazy_table')
086.503  000.074  000.074: require('luasnip.extras.filetype_functions')
086.509  000.306  000.135: require('luasnip.default_config')
086.511  000.366  000.061: require('luasnip.session')
086.558  000.046  000.046: require('luasnip.util.vimversion')
086.562  000.644  000.232: require('luasnip.util.util')
086.930  000.102  000.102: require('luasnip.util.ext_opts')
086.975  000.043  000.043: require('luasnip.nodes.key_indexer')
087.055  000.080  000.080: require('luasnip.util.feedkeys')
087.058  000.495  000.270: require('luasnip.nodes.util')
087.271  000.056  000.056: require('luasnip.session.snippet_collection.source')
087.322  000.049  000.049: require('luasnip.util.table')
087.380  000.058  000.058: require('luasnip.util.auto_table')
087.385  000.326  000.163: require('luasnip.session.snippet_collection')
087.710  000.102  000.102: require('luasnip.util.select')
087.756  000.046  000.046: require('luasnip.util.time')
087.993  000.506  000.358: require('luasnip.util._builtin_vars')
088.071  000.685  000.179: require('luasnip.util.environ')
088.143  000.070  000.070: require('luasnip.util.extend_decorator')
088.415  000.160  000.160: require('luasnip.util.path')
088.688  000.108  000.108: require('luasnip.util.log')
088.691  000.275  000.167: require('luasnip.loaders.util')
088.741  000.048  000.048: require('luasnip.loaders.data')
089.134  000.392  000.392: require('luasnip.loaders.fs_watchers')
089.138  000.993  000.118: require('luasnip.loaders')
089.254  000.103  000.103: require('luasnip.config')
089.256  004.199  000.882: require('luasnip')
089.858  000.057  000.057: require('luasnip.session.enqueueable_operations')
090.762  000.050  000.050: require('luasnip.util.events')
090.770  000.286  000.236: require('luasnip.nodes.node')
090.945  000.173  000.173: require('luasnip.nodes.insertNode')
091.019  000.073  000.073: require('luasnip.nodes.textNode')
091.133  000.113  000.113: require('luasnip.util.mark')
091.218  000.084  000.084: require('luasnip.util.pattern_tokenizer')
091.280  000.060  000.060: require('luasnip.util.dict')
092.180  000.234  000.234: require('jsregexp.core')
092.182  000.520  000.286: require('jsregexp')
092.184  000.815  000.295: require('luasnip.util.jsregexp')
092.186  000.904  000.090: require('luasnip.nodes.util.trig_engines')
092.228  002.270  000.577: require('luasnip.nodes.snippet')
092.680  000.101  000.101: require('luasnip.util.parser.neovim_ast')
092.799  000.118  000.118: require('luasnip.util.str')
092.940  000.138  000.138: require('luasnip.util.directed_graph')
092.943  000.543  000.186: require('luasnip.util.parser.ast_utils')
093.058  000.114  000.114: require('luasnip.nodes.functionNode')
093.257  000.198  000.198: require('luasnip.nodes.choiceNode')
093.444  000.186  000.186: require('luasnip.nodes.dynamicNode')
093.512  000.067  000.067: require('luasnip.util.functions')
093.516  001.287  000.179: require('luasnip.util.parser.ast_parser')
093.744  000.227  000.227: require('luasnip.util.parser.neovim_parser')
093.748  003.887  000.104: require('luasnip.util.parser')
093.858  000.109  000.109: require('luasnip.nodes.snippetProxy')
094.144  000.283  000.283: require('luasnip.util.jsonc')
094.281  000.066  000.066: require('luasnip.nodes.duplicate')
094.283  000.137  000.071: require('luasnip.loaders.snippet_cache')
094.289  004.752  000.278: require('luasnip.loaders.from_vscode')
102.181  000.244  000.244: require('luasnip.nodes.multiSnippet')
103.679  000.106  000.106: require('lualine_require')
103.931  000.777  000.670: require('lualine')
104.069  000.025  000.025: sourcing nvim_exec2() called at /home/zelda/.config/nvim/init.lua:0
107.634  000.131  000.131: require('lualine.themes._tokyonight')
108.341  000.020  000.020: sourcing nvim_exec2() called at /home/zelda/.config/nvim/init.lua:0
108.368  000.004  000.004: sourcing nvim_exec2() called at /home/zelda/.config/nvim/init.lua:0
108.376  000.003  000.003: sourcing nvim_exec2() called at /home/zelda/.config/nvim/init.lua:0
108.382  000.002  000.002: sourcing nvim_exec2() called at /home/zelda/.config/nvim/init.lua:0
108.387  000.002  000.002: sourcing nvim_exec2() called at /home/zelda/.config/nvim/init.lua:0
108.392  000.002  000.002: sourcing nvim_exec2() called at /home/zelda/.config/nvim/init.lua:0
108.398  000.001  000.001: sourcing nvim_exec2() called at /home/zelda/.config/nvim/init.lua:0
108.402  000.002  000.002: sourcing nvim_exec2() called at /home/zelda/.config/nvim/init.lua:0
108.470  000.002  000.002: sourcing nvim_exec2() called at /home/zelda/.config/nvim/init.lua:0
108.479  000.002  000.002: sourcing nvim_exec2() called at /home/zelda/.config/nvim/init.lua:0
108.484  000.002  000.002: sourcing nvim_exec2() called at /home/zelda/.config/nvim/init.lua:0
108.543  000.002  000.002: sourcing nvim_exec2() called at /home/zelda/.config/nvim/init.lua:0
108.548  000.002  000.002: sourcing nvim_exec2() called at /home/zelda/.config/nvim/init.lua:0
108.553  000.001  000.001: sourcing nvim_exec2() called at /home/zelda/.config/nvim/init.lua:0
108.558  000.001  000.001: sourcing nvim_exec2() called at /home/zelda/.config/nvim/init.lua:0
108.561  000.001  000.001: sourcing nvim_exec2() called at /home/zelda/.config/nvim/init.lua:0
108.566  000.001  000.001: sourcing nvim_exec2() called at /home/zelda/.config/nvim/init.lua:0
108.584  000.016  000.016: sourcing nvim_exec2() called at /home/zelda/.config/nvim/init.lua:0
108.991  000.086  000.086: require('lualine.utils.mode')
109.234  000.008  000.008: sourcing nvim_exec2() called at /home/zelda/.config/nvim/init.lua:0
109.243  000.004  000.004: sourcing nvim_exec2() called at /home/zelda/.config/nvim/init.lua:0
109.389  000.007  000.007: sourcing nvim_exec2() called at /home/zelda/.config/nvim/init.lua:0
109.396  000.002  000.002: sourcing nvim_exec2() called at /home/zelda/.config/nvim/init.lua:0
109.404  000.002  000.002: sourcing nvim_exec2() called at /home/zelda/.config/nvim/init.lua:0
109.410  000.002  000.002: sourcing nvim_exec2() called at /home/zelda/.config/nvim/init.lua:0
109.414  000.001  000.001: sourcing nvim_exec2() called at /home/zelda/.config/nvim/init.lua:0
109.423  000.002  000.002: sourcing nvim_exec2() called at /home/zelda/.config/nvim/init.lua:0
109.439  000.002  000.002: sourcing nvim_exec2() called at /home/zelda/.config/nvim/init.lua:0
109.446  000.001  000.001: sourcing nvim_exec2() called at /home/zelda/.config/nvim/init.lua:0
109.450  000.002  000.002: sourcing nvim_exec2() called at /home/zelda/.config/nvim/init.lua:0
109.455  000.001  000.001: sourcing nvim_exec2() called at /home/zelda/.config/nvim/init.lua:0
109.475  000.001  000.001: sourcing nvim_exec2() called at /home/zelda/.config/nvim/init.lua:0
109.487  000.001  000.001: sourcing nvim_exec2() called at /home/zelda/.config/nvim/init.lua:0
109.515  000.004  000.004: sourcing nvim_exec2() called at /home/zelda/.config/nvim/init.lua:0
109.527  000.002  000.002: sourcing nvim_exec2() called at /home/zelda/.config/nvim/init.lua:0
109.549  000.002  000.002: sourcing nvim_exec2() called at /home/zelda/.config/nvim/init.lua:0
109.552  000.001  000.001: sourcing nvim_exec2() called at /home/zelda/.config/nvim/init.lua:0
109.558  000.001  000.001: sourcing nvim_exec2() called at /home/zelda/.config/nvim/init.lua:0
109.561  000.001  000.001: sourcing nvim_exec2() called at /home/zelda/.config/nvim/init.lua:0
109.566  000.001  000.001: sourcing nvim_exec2() called at /home/zelda/.config/nvim/init.lua:0
109.569  000.001  000.001: sourcing nvim_exec2() called at /home/zelda/.config/nvim/init.lua:0
109.574  000.001  000.001: sourcing nvim_exec2() called at /home/zelda/.config/nvim/init.lua:0
109.671  000.006  000.006: sourcing nvim_exec2() called at /home/zelda/.config/nvim/init.lua:0
109.676  000.002  000.002: sourcing nvim_exec2() called at /home/zelda/.config/nvim/init.lua:0
109.680  000.002  000.002: sourcing nvim_exec2() called at /home/zelda/.config/nvim/init.lua:0
109.685  000.003  000.003: sourcing nvim_exec2() called at /home/zelda/.config/nvim/init.lua:0
109.959  000.004  000.004: sourcing nvim_exec2() called at /home/zelda/.config/nvim/init.lua:0
109.964  000.001  000.001: sourcing nvim_exec2() called at /home/zelda/.config/nvim/init.lua:0
109.967  000.001  000.001: sourcing nvim_exec2() called at /home/zelda/.config/nvim/init.lua:0
109.973  000.002  000.002: sourcing nvim_exec2() called at /home/zelda/.config/nvim/init.lua:0
109.977  000.002  000.002: sourcing nvim_exec2() called at /home/zelda/.config/nvim/init.lua:0
109.982  000.001  000.001: sourcing nvim_exec2() called at /home/zelda/.config/nvim/init.lua:0
109.986  000.001  000.001: sourcing nvim_exec2() called at /home/zelda/.config/nvim/init.lua:0
109.992  000.002  000.002: sourcing nvim_exec2() called at /home/zelda/.config/nvim/init.lua:0
109.996  000.001  000.001: sourcing nvim_exec2() called at /home/zelda/.config/nvim/init.lua:0
110.000  000.002  000.002: sourcing nvim_exec2() called at /home/zelda/.config/nvim/init.lua:0
110.004  000.001  000.001: sourcing nvim_exec2() called at /home/zelda/.config/nvim/init.lua:0
110.013  000.001  000.001: sourcing nvim_exec2() called at /home/zelda/.config/nvim/init.lua:0
110.016  000.001  000.001: sourcing nvim_exec2() called at /home/zelda/.config/nvim/init.lua:0
110.021  000.002  000.002: sourcing nvim_exec2() called at /home/zelda/.config/nvim/init.lua:0
110.026  000.001  000.001: sourcing nvim_exec2() called at /home/zelda/.config/nvim/init.lua:0
110.033  000.001  000.001: sourcing nvim_exec2() called at /home/zelda/.config/nvim/init.lua:0
110.037  000.002  000.002: sourcing nvim_exec2() called at /home/zelda/.config/nvim/init.lua:0
110.040  000.002  000.002: sourcing nvim_exec2() called at /home/zelda/.config/nvim/init.lua:0
110.044  000.001  000.001: sourcing nvim_exec2() called at /home/zelda/.config/nvim/init.lua:0
110.048  000.001  000.001: sourcing nvim_exec2() called at /home/zelda/.config/nvim/init.lua:0
110.051  000.001  000.001: sourcing nvim_exec2() called at /home/zelda/.config/nvim/init.lua:0
110.057  000.001  000.001: sourcing nvim_exec2() called at /home/zelda/.config/nvim/init.lua:0
110.060  000.001  000.001: sourcing nvim_exec2() called at /home/zelda/.config/nvim/init.lua:0
110.064  000.001  000.001: sourcing nvim_exec2() called at /home/zelda/.config/nvim/init.lua:0
110.067  000.001  000.001: sourcing nvim_exec2() called at /home/zelda/.config/nvim/init.lua:0
110.071  000.002  000.002: sourcing nvim_exec2() called at /home/zelda/.config/nvim/init.lua:0
110.075  000.001  000.001: sourcing nvim_exec2() called at /home/zelda/.config/nvim/init.lua:0
110.082  000.002  000.002: sourcing nvim_exec2() called at /home/zelda/.config/nvim/init.lua:0
110.434  000.013  000.013: sourcing nvim_exec2() called at /home/zelda/.config/nvim/init.lua:0
110.459  000.005  000.005: sourcing nvim_exec2() called at /home/zelda/.config/nvim/init.lua:0
110.473  000.011  000.011: sourcing nvim_exec2() called at /home/zelda/.config/nvim/init.lua:0
110.480  000.004  000.004: sourcing nvim_exec2() called at /home/zelda/.config/nvim/init.lua:0
110.487  000.005  000.005: sourcing nvim_exec2() called at /home/zelda/.config/nvim/init.lua:0
110.793  000.287  000.287: require('lint')
111.614  000.268  000.268: require('ibl.utils')
111.620  000.433  000.166: require('ibl.config')
111.848  000.082  000.082: require('ibl.indent')
111.852  000.231  000.149: require('ibl.hooks')
111.855  000.755  000.091: require('ibl.highlights')
111.926  000.070  000.070: require('ibl.autocmds')
112.017  000.090  000.090: require('ibl.inlay_hints')
112.112  000.093  000.093: require('ibl.virt_text')
112.431  000.247  000.247: require('ibl.scope_languages')
112.453  000.340  000.094: require('ibl.scope')
112.457  001.662  000.314: require('ibl')
112.845  000.371  000.371: require('vim.iter')
113.832  000.252  000.252: require('vim.lsp.log')
114.520  000.686  000.686: require('vim.lsp.protocol')
115.960  001.437  001.437: require('vim.lsp.util')
116.766  000.340  000.340: require('vim.lsp.sync')
116.773  000.800  000.460: require('vim.lsp._changetracking')
117.465  000.244  000.244: require('vim.lsp._transport')
117.567  000.791  000.547: require('vim.lsp.rpc')
117.689  004.807  000.841: require('vim.lsp')
118.924  000.582  000.582: require('vim.lsp.completion')
118.980  001.287  000.705: require('vim.lsp.handlers')
119.463  000.343  000.343: require('illuminate')
119.650  000.184  000.184: require('illuminate.config')
119.862  000.183  000.183: require('gitsigns')
120.264  000.315  000.315: require('gitsigns.config')
120.702  000.420  000.420: require('gitsigns.highlight')
120.918  000.198  000.198: require('gitsigns.debug.log')
121.360  000.083  000.083: require('gitsigns.debounce')
121.417  000.044  000.044: require('flash')
121.603  000.185  000.185: require('flash.config')
121.783  000.045  000.045: require('flash.require')
121.790  000.176  000.131: require('flash.plugins.search')
122.048  000.245  000.245: require('flash.plugins.char')
122.122  000.073  000.073: require('flash.repeat')
122.950  000.568  000.568: require('conform')
123.196  000.026  000.026: require('bufferline.lazy')
123.406  000.203  000.203: require('bufferline.commands')
123.809  000.400  000.400: require('bufferline.config')
123.813  000.830  000.202: require('bufferline')
124.403  000.199  000.199: require('bufferline.utils')
124.405  000.588  000.389: require('bufferline.groups')
124.477  000.047  000.047: require('bufferline.constants')
124.557  000.077  000.077: require('bufferline.colors')
124.824  000.153  000.153: require('bufferline.highlights')
126.056  000.769  000.769: require('bufferline.hover')
126.601  000.447  000.447: require('bufferline.ui')
127.934  001.326  001.326: require('vim.diagnostic')
128.772  000.806  000.806: require('alpha')
128.949  000.176  000.176: require('alpha.themes.dashboard')
129.127  000.144  000.144: require('alpha.term')
129.681  000.153  000.153: require('cmp_nvim_lsp.source')
129.684  000.317  000.164: require('cmp_nvim_lsp')
130.021  115.296  023.355: sourcing /home/zelda/.config/nvim/init.lua
130.030  011.349: sourcing vimrc file(s)
135.305  000.018  000.018: sourcing /run/current-system/sw/share/nvim/site/ftdetect/ghostty.vim
135.351  002.442  002.424: sourcing nvim_exec2() called at /nix/store/hfkb9ra95dxapix5pdzs8zs70ggkrlxr-neovim-unwrapped-0.11.4/share/nvim/runtime/filetype.lua:0
135.355  002.621  000.179: sourcing /nix/store/hfkb9ra95dxapix5pdzs8zs70ggkrlxr-neovim-unwrapped-0.11.4/share/nvim/runtime/filetype.lua
136.799  000.054  000.054: sourcing /nix/store/hfkb9ra95dxapix5pdzs8zs70ggkrlxr-neovim-unwrapped-0.11.4/share/nvim/runtime/syntax/synload.vim
136.865  001.454  001.400: sourcing /nix/store/hfkb9ra95dxapix5pdzs8zs70ggkrlxr-neovim-unwrapped-0.11.4/share/nvim/runtime/syntax/syntax.vim
138.374  000.669  000.669: require('gitsigns.async')
144.885  000.324  000.324: sourcing /etc/profiles/per-user/zelda/share/nvim/site/plugin/fzf.vim
145.154  000.100  000.100: sourcing /nix/store/hfkb9ra95dxapix5pdzs8zs70ggkrlxr-neovim-unwrapped-0.11.4/share/nvim/runtime/plugin/gzip.vim
146.488  000.103  000.103: sourcing /nix/store/hfkb9ra95dxapix5pdzs8zs70ggkrlxr-neovim-unwrapped-0.11.4/share/nvim/runtime/pack/dist/opt/matchit/plugin/matchit.vim
146.783  001.620  001.518: sourcing /nix/store/hfkb9ra95dxapix5pdzs8zs70ggkrlxr-neovim-unwrapped-0.11.4/share/nvim/runtime/plugin/matchit.vim
146.861  000.070  000.070: sourcing /nix/store/hfkb9ra95dxapix5pdzs8zs70ggkrlxr-neovim-unwrapped-0.11.4/share/nvim/runtime/plugin/matchparen.vim
146.873  000.004  000.004: sourcing /nix/store/hfkb9ra95dxapix5pdzs8zs70ggkrlxr-neovim-unwrapped-0.11.4/share/nvim/runtime/plugin/netrwPlugin.vim
146.928  000.003  000.003: sourcing /nix/store/27vjlbqsv2vmk2vvslp5daaqli8kq7d2-neovim-0.11.4/rplugin.vim
146.990  000.110  000.106: sourcing /nix/store/hfkb9ra95dxapix5pdzs8zs70ggkrlxr-neovim-unwrapped-0.11.4/share/nvim/runtime/plugin/rplugin.vim
147.031  000.033  000.033: sourcing /nix/store/hfkb9ra95dxapix5pdzs8zs70ggkrlxr-neovim-unwrapped-0.11.4/share/nvim/runtime/plugin/shada.vim
147.047  000.008  000.008: sourcing /nix/store/hfkb9ra95dxapix5pdzs8zs70ggkrlxr-neovim-unwrapped-0.11.4/share/nvim/runtime/plugin/spellfile.vim
147.106  000.051  000.051: sourcing /nix/store/hfkb9ra95dxapix5pdzs8zs70ggkrlxr-neovim-unwrapped-0.11.4/share/nvim/runtime/plugin/tarPlugin.vim
147.123  000.009  000.009: sourcing /nix/store/hfkb9ra95dxapix5pdzs8zs70ggkrlxr-neovim-unwrapped-0.11.4/share/nvim/runtime/plugin/tutor.vim
147.197  000.066  000.066: sourcing /nix/store/hfkb9ra95dxapix5pdzs8zs70ggkrlxr-neovim-unwrapped-0.11.4/share/nvim/runtime/plugin/zipPlugin.vim
147.256  000.051  000.051: sourcing /nix/store/hfkb9ra95dxapix5pdzs8zs70ggkrlxr-neovim-unwrapped-0.11.4/share/nvim/runtime/plugin/editorconfig.lua
147.366  000.095  000.095: sourcing /nix/store/hfkb9ra95dxapix5pdzs8zs70ggkrlxr-neovim-unwrapped-0.11.4/share/nvim/runtime/plugin/man.lua
147.506  000.129  000.129: sourcing /nix/store/hfkb9ra95dxapix5pdzs8zs70ggkrlxr-neovim-unwrapped-0.11.4/share/nvim/runtime/plugin/osc52.lua
147.582  000.065  000.065: sourcing /nix/store/hfkb9ra95dxapix5pdzs8zs70ggkrlxr-neovim-unwrapped-0.11.4/share/nvim/runtime/plugin/tohtml.lua
147.611  010.103: loading rtp plugins
151.722  000.048  000.048: sourcing /nix/store/8wwnbwqqhw7x74z0qd4c5qm27pd74qgf-packdir-start/pack/myNeovimPackages/start/conform.nvim/plugin/conform.lua
151.855  000.022  000.022: sourcing /nix/store/8wwnbwqqhw7x74z0qd4c5qm27pd74qgf-packdir-start/pack/myNeovimPackages/start/luasnip/plugin/luasnip.vim
152.533  000.670  000.670: sourcing /nix/store/8wwnbwqqhw7x74z0qd4c5qm27pd74qgf-packdir-start/pack/myNeovimPackages/start/luasnip/plugin/luasnip.lua
152.908  000.308  000.308: sourcing /nix/store/8wwnbwqqhw7x74z0qd4c5qm27pd74qgf-packdir-start/pack/myNeovimPackages/start/neo-tree.nvim/plugin/neo-tree.lua
166.826  013.729  013.729: require('cmp.utils.highlight')
167.630  000.019  000.019: sourcing nvim_exec2() called at /nix/store/yqxp0wilj94rcb6vcv0nsiknkzw05ph1-vimplugin-luajit2.1-nvim-cmp-scm-1-unstable-scm-1/plugin/cmp.lua:0
167.636  014.656  000.908: sourcing /nix/store/8wwnbwqqhw7x74z0qd4c5qm27pd74qgf-packdir-start/pack/myNeovimPackages/start/nvim-cmp/plugin/cmp.lua
168.709  000.495  000.495: require('lspconfig.util')
168.726  001.001  000.506: sourcing /nix/store/8wwnbwqqhw7x74z0qd4c5qm27pd74qgf-packdir-start/pack/myNeovimPackages/start/nvim-lspconfig/plugin/lspconfig.lua
169.548  000.159  000.159: require('nvim-treesitter.info')
169.765  000.215  000.215: require('nvim-treesitter.shell_command_selectors')
169.787  000.867  000.492: require('nvim-treesitter.install')
169.883  000.094  000.094: require('nvim-treesitter.statusline')
170.034  000.150  000.150: require('nvim-treesitter.query_predicates')
170.037  001.221  000.111: require('nvim-treesitter')
170.629  001.838  000.617: sourcing /nix/store/8wwnbwqqhw7x74z0qd4c5qm27pd74qgf-packdir-start/pack/myNeovimPackages/start/nvim-treesitter/plugin/nvim-treesitter.lua
170.724  000.033  000.033: sourcing /nix/store/8wwnbwqqhw7x74z0qd4c5qm27pd74qgf-packdir-start/pack/myNeovimPackages/start/nvim-web-devicons/plugin/nvim-web-devicons.vim
170.806  000.018  000.018: sourcing /nix/store/8wwnbwqqhw7x74z0qd4c5qm27pd74qgf-packdir-start/pack/myNeovimPackages/start/plenary.nvim/plugin/plenary.vim
171.077  000.222  000.222: sourcing /nix/store/8wwnbwqqhw7x74z0qd4c5qm27pd74qgf-packdir-start/pack/myNeovimPackages/start/telescope.nvim/plugin/telescope.lua
171.770  000.118  000.118: require('illuminate.util')
171.905  000.133  000.133: require('illuminate.reference')
171.908  000.398  000.147: require('illuminate.highlight')
171.913  000.701  000.302: require('illuminate.engine')
171.995  000.005  000.005: sourcing nvim_exec2() called at /nix/store/nxbr3k8lxwbj3ww7cbjyai1mbxixdlgs-vimplugin-vim-illuminate-2025-05-24/plugin/illuminate.vim:52
172.030  000.878  000.172: sourcing /nix/store/8wwnbwqqhw7x74z0qd4c5qm27pd74qgf-packdir-start/pack/myNeovimPackages/start/vim-illuminate/plugin/illuminate.vim
175.747  000.025  000.025: sourcing /nix/store/8wwnbwqqhw7x74z0qd4c5qm27pd74qgf-packdir-start/pack/myNeovimPackages/start/which-key.nvim/plugin/which-key.lua
176.944  009.614: loading packages
177.298  000.037  000.037: require('cmp_buffer.timer')
177.302  000.192  000.155: require('cmp_buffer.buffer')
177.304  000.284  000.091: require('cmp_buffer.source')
177.305  000.312  000.028: require('cmp_buffer')
177.339  000.353  000.042: sourcing /nix/store/9vm1ybl40ds3k5p87a42aww4hlhsjxkv-vim-pack-dir/pack/myNeovimPackages/start/cmp-buffer/after/plugin/cmp_buffer.lua
177.397  000.016  000.016: sourcing /nix/store/9vm1ybl40ds3k5p87a42aww4hlhsjxkv-vim-pack-dir/pack/myNeovimPackages/start/cmp-nvim-lsp/after/plugin/cmp_nvim_lsp.lua
177.600  000.160  000.160: require('cmp_path')
177.617  000.183  000.023: sourcing /nix/store/9vm1ybl40ds3k5p87a42aww4hlhsjxkv-vim-pack-dir/pack/myNeovimPackages/start/cmp-path/after/plugin/cmp_path.lua
177.795  000.125  000.125: require('cmp_luasnip')
177.820  000.164  000.039: sourcing /nix/store/9vm1ybl40ds3k5p87a42aww4hlhsjxkv-vim-pack-dir/pack/myNeovimPackages/start/cmp_luasnip/after/plugin/cmp_luasnip.lua
177.910  000.047  000.047: sourcing /nix/store/9vm1ybl40ds3k5p87a42aww4hlhsjxkv-vim-pack-dir/pack/myNeovimPackages/start/indent-blankline.nvim/after/plugin/commands.lua
177.911  000.204: loading after plugins
177.920  000.009: inits 3
179.011  001.091: reading ShaDa
180.336  000.309  000.309: require('luasnip.loaders.from_lua')
180.581  000.241  000.241: require('luasnip.loaders.from_snipmate')
180.595  001.035: opening buffers
180.739  000.044  000.044: require('bufferline.state')
180.745  000.106: BufEnter autocommands
180.746  000.001: editing files in windows
180.750  000.004: --- NVIM STARTED ---

--- Startup times for process: Primary (or UI client) ---

times in msec
 clock   self+sourced   self:  sourced script
 clock   elapsed:              other lines

000.003  000.003: --- NVIM STARTING ---
000.282  000.280: event init
000.455  000.173: early init
000.663  000.208: locale set
000.779  000.116: init first window
001.443  000.665: inits 1
001.453  000.010: window checked
001.457  000.004: parsing arguments
001.926  000.039  000.039: require('vim.shared')
002.009  000.036  000.036: require('vim.inspect')
002.054  000.036  000.036: require('vim._options')
002.055  000.125  000.052: require('vim._editor')
002.057  000.193  000.030: require('vim._init_packages')
002.058  000.408: init lua interpreter
004.657  002.599: nvim_ui_attach
004.911  000.254: nvim_set_client_info
004.913  000.002: --- NVIM STARTED ---

--- Startup times for process: Embedded ---

times in msec
 clock   self+sourced   self:  sourced script
 clock   elapsed:              other lines

000.002  000.002: --- NVIM STARTING ---
000.105  000.103: event init
000.170  000.065: early init
000.230  000.060: locale set
000.283  000.052: init first window
000.728  000.446: inits 1
000.741  000.013: window checked
000.744  000.003: parsing arguments
001.190  000.038  000.038: require('vim.shared')
001.272  000.035  000.035: require('vim.inspect')
001.315  000.034  000.034: require('vim._options')
001.317  000.123  000.053: require('vim._editor')
001.318  000.184  000.023: require('vim._init_packages')
001.322  000.394: init lua interpreter
001.401  000.079: expanding arguments
001.422  000.021: inits 2
001.672  000.249: init highlight
001.673  000.001: waiting for UI
001.784  000.111: done waiting for UI
001.791  000.007: clear screen
001.906  000.010  000.010: require('vim.keymap')
002.522  000.096  000.096: sourcing nvim_exec2()
002.647  000.853  000.747: require('vim._defaults')
002.648  000.004: init default mappings & autocommands
002.777  000.129: --cmd commands
013.754  000.072  000.072: sourcing /nix/store/hfkb9ra95dxapix5pdzs8zs70ggkrlxr-neovim-unwrapped-0.11.4/share/nvim/runtime/ftplugin.vim
015.223  000.027  000.027: sourcing /nix/store/hfkb9ra95dxapix5pdzs8zs70ggkrlxr-neovim-unwrapped-0.11.4/share/nvim/runtime/indent.vim
016.129  000.119  000.119: require('tokyonight.config')
016.133  000.335  000.215: require('tokyonight')
016.776  000.188  000.188: require('tokyonight.util')
016.779  000.305  000.117: require('tokyonight.theme')
016.933  000.133  000.133: require('tokyonight.colors')
017.451  000.359  000.359: require('tokyonight.hsluv')
017.944  000.181  000.181: require('tokyonight.groups')
019.140  000.120  000.120: require('tokyonight.groups.kinds')
021.710  005.333  004.235: sourcing /nix/store/9vm1ybl40ds3k5p87a42aww4hlhsjxkv-vim-pack-dir/pack/myNeovimPackages/start/tokyonight.nvim/colors/tokyonight.lua
021.739  005.594  000.261: sourcing nvim_exec2() called at /home/zelda/.config/nvim/init.lua:0
022.174  000.006  000.006: require('vim.F')
023.443  001.260  001.260: require('nvim-web-devicons.icons-default')
023.594  001.850  000.583: require('nvim-web-devicons')
026.235  000.908  000.908: require('mini.ai')
026.674  000.290  000.290: require('mini.comment')
027.061  000.331  000.331: require('mini.pairs')
028.844  000.164  000.164: require('cmp.utils.debug')
029.151  000.136  000.136: require('cmp.utils.char')
029.156  000.304  000.168: require('cmp.utils.str')
029.666  000.179  000.179: require('cmp.utils.misc')
029.742  000.074  000.074: require('cmp.utils.buffer')
029.862  000.119  000.119: require('cmp.utils.api')
029.876  000.617  000.245: require('cmp.utils.keymap')
029.878  000.721  000.104: require('cmp.utils.feedkeys')
030.591  000.089  000.089: require('cmp.types.cmp')
030.785  000.193  000.193: require('cmp.types.lsp')
030.850  000.062  000.062: require('cmp.types.vim')
030.852  000.418  000.074: require('cmp.types')
030.855  000.580  000.162: require('cmp.config.mapping')
030.940  000.084  000.084: require('cmp.utils.cache')
031.308  000.228  000.228: require('cmp.config.compare')
031.398  000.089  000.089: require('cmp.config.window')
031.400  000.457  000.141: require('cmp.config.default')
031.420  001.327  000.205: require('cmp.config')
031.446  001.568  000.241: require('cmp.utils.async')
031.701  000.111  000.111: require('cmp.utils.pattern')
031.707  000.259  000.148: require('cmp.context')
032.883  000.381  000.381: require('cmp.utils.snippet')
033.090  000.205  000.205: require('cmp.matcher')
034.245  002.227  001.641: require('cmp.entry')
034.255  002.547  000.320: require('cmp.source')
034.616  000.089  000.089: require('cmp.utils.event')
035.225  000.178  000.178: require('cmp.utils.options')
035.228  000.445  000.267: require('cmp.utils.window')
035.232  000.614  000.169: require('cmp.view.docs_view')
035.890  000.139  000.139: require('cmp.utils.autocmd')
035.910  000.675  000.536: require('cmp.view.custom_entries_view')
036.350  000.439  000.439: require('cmp.view.wildmenu_entries_view')
036.711  000.359  000.359: require('cmp.view.native_entries_view')
036.954  000.242  000.242: require('cmp.view.ghost_text_view')
036.966  002.710  000.293: require('cmp.view')
037.763  009.883  001.609: require('cmp.core')
037.945  000.096  000.096: require('cmp.config.sources')
037.980  010.474  000.495: require('cmp')
038.556  000.200  000.200: require('which-key')
038.854  000.295  000.295: require('which-key.config')
039.081  000.126  000.126: require('trouble')
039.349  000.266  000.266: require('trouble.config')
039.868  000.298  000.298: require('trouble.util')
039.872  000.493  000.195: require('trouble.config.highlights')
040.728  000.137  000.137: require('trouble.cache')
041.001  000.270  000.270: require('trouble.format')
041.148  000.146  000.146: require('trouble.view.indent')
041.364  000.214  000.214: require('trouble.view.text')
041.379  001.039  000.272: require('trouble.view.render')
041.382  001.228  000.188: require('trouble.view.preview')
041.384  001.387  000.159: require('trouble.view.main')
041.434  000.023  000.023: require('vim.fs')
055.286  000.187  000.187: require('vim.treesitter.language')
055.422  000.127  000.127: require('vim.func')
055.578  000.152  000.152: require('vim.func._memoize')
055.725  001.211  000.746: require('vim.treesitter.query')
055.916  000.189  000.189: require('vim.treesitter._range')
055.928  002.074  000.674: require('vim.treesitter.languagetree')
055.935  003.111  001.037: require('vim.treesitter')
055.939  003.223  000.112: require('nvim-treesitter.compat')
057.919  001.508  001.508: require('nvim-treesitter.parsers')
058.156  000.232  000.232: require('nvim-treesitter.utils')
058.165  002.057  000.317: require('nvim-treesitter.ts_utils')
058.172  002.231  000.174: require('nvim-treesitter.tsrange')
058.305  000.132  000.132: require('nvim-treesitter.caching')
058.318  005.903  000.317: require('nvim-treesitter.query')
058.340  016.655  010.752: require('nvim-treesitter.configs')
058.980  000.109  000.109: require('toggleterm.lazy')
059.082  000.100  000.100: require('toggleterm.constants')
059.601  000.516  000.516: require('toggleterm.terminal')
059.610  001.196  000.470: require('toggleterm')
060.008  000.181  000.181: require('toggleterm.colors')
060.236  000.226  000.226: require('toggleterm.utils')
060.250  000.636  000.228: require('toggleterm.config')
060.789  000.372  000.372: require('vim.version')
062.700  000.305  000.305: require('toggleterm.commandline')
063.018  000.136  000.136: require('telescope._extensions')
063.021  000.303  000.166: require('telescope')
065.106  000.369  000.369: require('plenary.bit')
065.300  000.191  000.191: require('plenary.functional')
065.363  000.040  000.040: require('ffi')
065.419  001.590  000.990: require('plenary.path')
065.436  001.868  000.279: require('plenary.strings')
065.562  000.125  000.125: require('telescope.deprecated')
066.323  000.289  000.289: require('plenary.log')
066.375  000.439  000.150: require('telescope.log')
067.351  000.110  000.110: require('plenary.compat')
067.358  000.482  000.372: require('plenary.job')
067.476  000.117  000.117: require('telescope.state')
067.491  001.114  000.515: require('telescope.utils')
067.500  001.936  000.384: require('telescope.sorters')
068.834  005.811  001.882: require('telescope.config')
069.925  000.230  000.230: require('fzf_lib')
069.930  000.492  000.262: require('telescope._extensions.fzf')
070.224  000.121  000.121: require('telescope.actions.state')
070.384  000.158  000.158: require('telescope.actions.utils')
070.749  000.191  000.191: require('telescope.config.resolve')
070.751  000.365  000.175: require('telescope.pickers.entry_display')
071.730  000.790  000.790: require('telescope.make_entry')
072.449  000.109  000.109: require('plenary.tbl')
072.453  000.241  000.132: require('plenary.vararg.rotate')
072.454  000.332  000.091: require('plenary.vararg')
072.552  000.096  000.096: require('plenary.errors')
072.555  000.578  000.150: require('plenary.async.async')
073.106  000.122  000.122: require('plenary.async.structs')
073.136  000.330  000.208: require('plenary.async.control')
073.140  000.487  000.157: require('plenary.async.util')
073.142  000.586  000.099: require('plenary.async.tests')
073.143  001.287  000.123: require('plenary.async')
073.145  001.413  000.126: require('telescope.finders.async_static_finder')
073.637  000.113  000.113: require('plenary.class')
073.647  000.363  000.250: require('telescope._')
073.649  000.503  000.140: require('telescope.finders.async_oneshot_finder')
073.777  000.127  000.127: require('telescope.finders.async_job_finder')
073.781  003.029  000.196: require('telescope.finders')
075.334  000.236  000.236: require('plenary.window.border')
075.439  000.102  000.102: require('plenary.window')
075.542  000.102  000.102: require('plenary.popup.utils')
075.545  000.766  000.326: require('plenary.popup')
076.623  000.162  000.162: require('telescope.pickers.scroller')
077.064  000.195  000.195: require('telescope.actions.mt')
077.078  000.452  000.258: require('telescope.actions.set')
077.188  000.109  000.109: require('telescope.from_entry')
077.404  001.858  001.134: require('telescope.actions')
077.636  000.230  000.230: require('telescope.debounce')
077.892  000.254  000.254: require('telescope.mappings')
078.083  000.189  000.189: require('telescope.pickers.highlights')
078.204  000.119  000.119: require('telescope.pickers.window')
078.332  000.126  000.126: require('telescope.pickers.layout')
078.702  000.177  000.177: require('telescope.algos.linked_list')
078.704  000.372  000.194: require('telescope.entry_manager')
078.822  000.117  000.117: require('telescope.pickers.multi')
078.838  005.056  001.025: require('telescope.pickers')
079.096  000.054  000.054: require('harpoon.utils')
079.099  000.129  000.075: require('harpoon.logger')
079.443  000.065  000.065: require('harpoon.autocmd')
079.449  000.195  000.130: require('harpoon.buffer')
079.554  000.104  000.104: require('harpoon.extensions')
079.557  000.456  000.157: require('harpoon.ui')
079.690  000.133  000.133: require('harpoon.data')
079.842  000.151  000.151: require('harpoon.config')
080.049  000.205  000.205: require('harpoon.list')
083.414  004.575  003.500: require('harpoon')
083.419  013.434  000.129: require('telescope._extensions.marks')
083.421  013.485  000.051: require('telescope._extensions.harpoon')
083.735  000.101  000.101: require('persistence.config')
083.740  000.316  000.214: require('persistence')
084.638  000.851  000.851: require('oil')
084.748  000.108  000.108: require('oil.ringbuf')
085.022  000.272  000.272: require('oil.config')
086.915  001.603  001.603: require('vim.filetype')
088.057  000.180  000.180: require('oil.log')
088.075  000.632  000.452: require('oil.fs')
089.016  000.096  000.096: require('oil.constants')
089.026  000.950  000.854: require('oil.util')
089.758  000.113  000.113: require('notify.util.queue')
089.763  000.317  000.204: require('notify.util')
089.930  000.056  000.056: sourcing nvim_exec2() called at /home/zelda/.config/nvim/init.lua:0
089.957  000.023  000.023: sourcing nvim_exec2() called at /home/zelda/.config/nvim/init.lua:0
089.958  000.194  000.115: require('notify.config.highlights')
089.961  000.751  000.240: require('notify.config')
090.275  000.080  000.080: require('notify.stages')
090.454  000.177  000.177: require('notify.service.notification')
090.951  000.118  000.118: require('notify.animate.spring')
090.953  000.197  000.079: require('notify.animate')
090.956  000.501  000.303: require('notify.windows')
091.529  000.205  000.205: require('notify.service.buffer.highlights')
091.532  000.396  000.191: require('notify.service.buffer')
091.534  000.577  000.181: require('notify.service')
091.791  000.255  000.255: require('notify.stages.util')
091.793  001.831  000.241: require('notify.instance')
091.798  002.769  000.187: require('notify')
091.955  000.127  000.127: require('notify.stages.fade_in_slide_out')
091.983  000.011  000.011: sourcing nvim_exec2() called at /home/zelda/.config/nvim/init.lua:0
091.989  000.003  000.003: sourcing nvim_exec2() called at /home/zelda/.config/nvim/init.lua:0
092.194  000.077  000.077: require('noice.util.lazy')
092.200  000.209  000.132: require('noice')
092.879  000.412  000.412: require('vim.health')
093.447  000.181  000.181: require('noice.util.call')
093.454  000.571  000.390: require('noice.util')
093.459  001.257  000.274: require('noice.health')
093.941  000.462  000.462: require('noice.config')
094.174  000.223  000.223: require('neo-tree')
094.846  000.670  000.670: require('neo-tree.log')
097.101  000.058  000.058: require('luasnip.util.types')
097.158  000.052  000.052: require('luasnip.util.lazy_table')
097.251  000.092  000.092: require('luasnip.extras.filetype_functions')
097.259  000.452  000.250: require('luasnip.default_config')
097.261  000.563  000.111: require('luasnip.session')
097.316  000.054  000.054: require('luasnip.util.vimversion')
097.322  001.293  000.676: require('luasnip.util.util')
097.761  000.112  000.112: require('luasnip.util.ext_opts')
097.815  000.052  000.052: require('luasnip.nodes.key_indexer')
097.909  000.092  000.092: require('luasnip.util.feedkeys')
097.913  000.589  000.333: require('luasnip.nodes.util')
098.161  000.064  000.064: require('luasnip.session.snippet_collection.source')
098.223  000.061  000.061: require('luasnip.util.table')
098.295  000.071  000.071: require('luasnip.util.auto_table')
098.300  000.386  000.190: require('luasnip.session.snippet_collection')
098.700  000.118  000.118: require('luasnip.util.select')
098.760  000.059  000.059: require('luasnip.util.time')
099.116  000.684  000.507: require('luasnip.util._builtin_vars')
099.243  000.941  000.257: require('luasnip.util.environ')
099.334  000.089  000.089: require('luasnip.util.extend_decorator')
099.720  000.220  000.220: require('luasnip.util.path')
100.076  000.143  000.143: require('luasnip.util.log')
100.080  000.359  000.215: require('luasnip.loaders.util')
100.142  000.060  000.060: require('luasnip.loaders.data')
100.488  000.345  000.345: require('luasnip.loaders.fs_watchers')
100.497  001.161  000.178: require('luasnip.loaders')
100.635  000.118  000.118: require('luasnip.config')
100.638  005.743  001.165: require('luasnip')
101.503  000.071  000.071: require('luasnip.session.enqueueable_operations')
102.787  000.062  000.062: require('luasnip.util.events')
102.798  000.364  000.302: require('luasnip.nodes.node')
103.002  000.203  000.203: require('luasnip.nodes.insertNode')
103.089  000.085  000.085: require('luasnip.nodes.textNode')
103.228  000.137  000.137: require('luasnip.util.mark')
103.333  000.103  000.103: require('luasnip.util.pattern_tokenizer')
103.413  000.079  000.079: require('luasnip.util.dict')
104.518  000.315  000.315: require('jsregexp.core')
104.522  000.638  000.323: require('jsregexp')
104.523  001.003  000.364: require('luasnip.util.jsregexp')
104.526  001.112  000.109: require('luasnip.nodes.util.trig_engines')
104.658  003.033  000.950: require('luasnip.nodes.snippet')
105.218  000.125  000.125: require('luasnip.util.parser.neovim_ast')
105.368  000.148  000.148: require('luasnip.util.str')
105.529  000.158  000.158: require('luasnip.util.directed_graph')
105.532  000.661  000.230: require('luasnip.util.parser.ast_utils')
105.698  000.164  000.164: require('luasnip.nodes.functionNode')
105.938  000.239  000.239: require('luasnip.nodes.choiceNode')
106.152  000.213  000.213: require('luasnip.nodes.dynamicNode')
106.226  000.072  000.072: require('luasnip.util.functions')
106.230  001.570  000.220: require('luasnip.util.parser.ast_parser')
106.513  000.281  000.281: require('luasnip.util.parser.neovim_parser')
106.517  005.011  000.127: require('luasnip.util.parser')
106.614  000.095  000.095: require('luasnip.nodes.snippetProxy')
106.944  000.327  000.327: require('luasnip.util.jsonc')
107.100  000.076  000.076: require('luasnip.nodes.duplicate')
107.102  000.156  000.079: require('luasnip.loaders.snippet_cache')
107.110  006.025  000.364: require('luasnip.loaders.from_vscode')
116.441  000.250  000.250: require('luasnip.nodes.multiSnippet')
117.842  000.129  000.129: require('lualine_require')
118.111  000.873  000.744: require('lualine')
118.201  000.021  000.021: sourcing nvim_exec2() called at /home/zelda/.config/nvim/init.lua:0
122.239  000.153  000.153: require('lualine.themes._tokyonight')
123.027  000.014  000.014: sourcing nvim_exec2() called at /home/zelda/.config/nvim/init.lua:0
123.044  000.004  000.004: sourcing nvim_exec2() called at /home/zelda/.config/nvim/init.lua:0
123.051  000.003  000.003: sourcing nvim_exec2() called at /home/zelda/.config/nvim/init.lua:0
123.058  000.002  000.002: sourcing nvim_exec2() called at /home/zelda/.config/nvim/init.lua:0
123.063  000.002  000.002: sourcing nvim_exec2() called at /home/zelda/.config/nvim/init.lua:0
123.072  000.002  000.002: sourcing nvim_exec2() called at /home/zelda/.config/nvim/init.lua:0
123.077  000.002  000.002: sourcing nvim_exec2() called at /home/zelda/.config/nvim/init.lua:0
123.082  000.002  000.002: sourcing nvim_exec2() called at /home/zelda/.config/nvim/init.lua:0
123.088  000.002  000.002: sourcing nvim_exec2() called at /home/zelda/.config/nvim/init.lua:0
123.093  000.002  000.002: sourcing nvim_exec2() called at /home/zelda/.config/nvim/init.lua:0
123.204  000.002  000.002: sourcing nvim_exec2() called at /home/zelda/.config/nvim/init.lua:0
123.211  000.002  000.002: sourcing nvim_exec2() called at /home/zelda/.config/nvim/init.lua:0
123.238  000.002  000.002: sourcing nvim_exec2() called at /home/zelda/.config/nvim/init.lua:0
123.243  000.002  000.002: sourcing nvim_exec2() called at /home/zelda/.config/nvim/init.lua:0
123.247  000.002  000.002: sourcing nvim_exec2() called at /home/zelda/.config/nvim/init.lua:0
123.251  000.002  000.002: sourcing nvim_exec2() called at /home/zelda/.config/nvim/init.lua:0
123.257  000.002  000.002: sourcing nvim_exec2() called at /home/zelda/.config/nvim/init.lua:0
123.274  000.015  000.015: sourcing nvim_exec2() called at /home/zelda/.config/nvim/init.lua:0
123.722  000.083  000.083: require('lualine.utils.mode')
123.977  000.007  000.007: sourcing nvim_exec2() called at /home/zelda/.config/nvim/init.lua:0
123.985  000.004  000.004: sourcing nvim_exec2() called at /home/zelda/.config/nvim/init.lua:0
124.140  000.005  000.005: sourcing nvim_exec2() called at /home/zelda/.config/nvim/init.lua:0
124.149  000.003  000.003: sourcing nvim_exec2() called at /home/zelda/.config/nvim/init.lua:0
124.156  000.002  000.002: sourcing nvim_exec2() called at /home/zelda/.config/nvim/init.lua:0
124.162  000.002  000.002: sourcing nvim_exec2() called at /home/zelda/.config/nvim/init.lua:0
124.167  000.001  000.001: sourcing nvim_exec2() called at /home/zelda/.config/nvim/init.lua:0
124.173  000.001  000.001: sourcing nvim_exec2() called at /home/zelda/.config/nvim/init.lua:0
124.199  000.002  000.002: sourcing nvim_exec2() called at /home/zelda/.config/nvim/init.lua:0
124.228  000.002  000.002: sourcing nvim_exec2() called at /home/zelda/.config/nvim/init.lua:0
124.234  000.002  000.002: sourcing nvim_exec2() called at /home/zelda/.config/nvim/init.lua:0
124.239  000.002  000.002: sourcing nvim_exec2() called at /home/zelda/.config/nvim/init.lua:0
124.244  000.001  000.001: sourcing nvim_exec2() called at /home/zelda/.config/nvim/init.lua:0
124.249  000.001  000.001: sourcing nvim_exec2() called at /home/zelda/.config/nvim/init.lua:0
124.254  000.002  000.002: sourcing nvim_exec2() called at /home/zelda/.config/nvim/init.lua:0
124.259  000.002  000.002: sourcing nvim_exec2() called at /home/zelda/.config/nvim/init.lua:0
124.267  000.002  000.002: sourcing nvim_exec2() called at /home/zelda/.config/nvim/init.lua:0
124.272  000.002  000.002: sourcing nvim_exec2() called at /home/zelda/.config/nvim/init.lua:0
124.278  000.001  000.001: sourcing nvim_exec2() called at /home/zelda/.config/nvim/init.lua:0
124.294  000.002  000.002: sourcing nvim_exec2() called at /home/zelda/.config/nvim/init.lua:0
124.299  000.001  000.001: sourcing nvim_exec2() called at /home/zelda/.config/nvim/init.lua:0
124.326  000.002  000.002: sourcing nvim_exec2() called at /home/zelda/.config/nvim/init.lua:0
124.332  000.002  000.002: sourcing nvim_exec2() called at /home/zelda/.config/nvim/init.lua:0
124.463  000.007  000.007: sourcing nvim_exec2() called at /home/zelda/.config/nvim/init.lua:0
124.469  000.002  000.002: sourcing nvim_exec2() called at /home/zelda/.config/nvim/init.lua:0
124.473  000.002  000.002: sourcing nvim_exec2() called at /home/zelda/.config/nvim/init.lua:0
124.478  000.003  000.003: sourcing nvim_exec2() called at /home/zelda/.config/nvim/init.lua:0
124.815  000.004  000.004: sourcing nvim_exec2() called at /home/zelda/.config/nvim/init.lua:0
124.821  000.002  000.002: sourcing nvim_exec2() called at /home/zelda/.config/nvim/init.lua:0
124.826  000.001  000.001: sourcing nvim_exec2() called at /home/zelda/.config/nvim/init.lua:0
124.833  000.002  000.002: sourcing nvim_exec2() called at /home/zelda/.config/nvim/init.lua:0
124.837  000.002  000.002: sourcing nvim_exec2() called at /home/zelda/.config/nvim/init.lua:0
124.866  000.002  000.002: sourcing nvim_exec2() called at /home/zelda/.config/nvim/init.lua:0
124.871  000.002  000.002: sourcing nvim_exec2() called at /home/zelda/.config/nvim/init.lua:0
124.878  000.002  000.002: sourcing nvim_exec2() called at /home/zelda/.config/nvim/init.lua:0
124.883  000.001  000.001: sourcing nvim_exec2() called at /home/zelda/.config/nvim/init.lua:0
124.895  000.002  000.002: sourcing nvim_exec2() called at /home/zelda/.config/nvim/init.lua:0
124.899  000.002  000.002: sourcing nvim_exec2() called at /home/zelda/.config/nvim/init.lua:0
124.906  000.001  000.001: sourcing nvim_exec2() called at /home/zelda/.config/nvim/init.lua:0
124.910  000.002  000.002: sourcing nvim_exec2() called at /home/zelda/.config/nvim/init.lua:0
124.917  000.002  000.002: sourcing nvim_exec2() called at /home/zelda/.config/nvim/init.lua:0
124.937  000.002  000.002: sourcing nvim_exec2() called at /home/zelda/.config/nvim/init.lua:0
124.941  000.002  000.002: sourcing nvim_exec2() called at /home/zelda/.config/nvim/init.lua:0
124.971  000.002  000.002: sourcing nvim_exec2() called at /home/zelda/.config/nvim/init.lua:0
124.976  000.002  000.002: sourcing nvim_exec2() called at /home/zelda/.config/nvim/init.lua:0
124.981  000.001  000.001: sourcing nvim_exec2() called at /home/zelda/.config/nvim/init.lua:0
124.985  000.001  000.001: sourcing nvim_exec2() called at /home/zelda/.config/nvim/init.lua:0
124.990  000.002  000.002: sourcing nvim_exec2() called at /home/zelda/.config/nvim/init.lua:0
124.997  000.002  000.002: sourcing nvim_exec2() called at /home/zelda/.config/nvim/init.lua:0
125.001  000.001  000.001: sourcing nvim_exec2() called at /home/zelda/.config/nvim/init.lua:0
125.006  000.001  000.001: sourcing nvim_exec2() called at /home/zelda/.config/nvim/init.lua:0
125.010  000.001  000.001: sourcing nvim_exec2() called at /home/zelda/.config/nvim/init.lua:0
125.014  000.001  000.001: sourcing nvim_exec2() called at /home/zelda/.config/nvim/init.lua:0
125.019  000.002  000.002: sourcing nvim_exec2() called at /home/zelda/.config/nvim/init.lua:0
125.027  000.002  000.002: sourcing nvim_exec2() called at /home/zelda/.config/nvim/init.lua:0
125.507  000.016  000.016: sourcing nvim_exec2() called at /home/zelda/.config/nvim/init.lua:0
125.536  000.006  000.006: sourcing nvim_exec2() called at /home/zelda/.config/nvim/init.lua:0
125.552  000.012  000.012: sourcing nvim_exec2() called at /home/zelda/.config/nvim/init.lua:0
125.560  000.005  000.005: sourcing nvim_exec2() called at /home/zelda/.config/nvim/init.lua:0
125.568  000.005  000.005: sourcing nvim_exec2() called at /home/zelda/.config/nvim/init.lua:0
125.896  000.318  000.318: require('lint')
126.844  000.336  000.336: require('ibl.utils')
126.851  000.543  000.207: require('ibl.config')
127.130  000.105  000.105: require('ibl.indent')
127.135  000.282  000.177: require('ibl.hooks')
127.138  000.932  000.108: require('ibl.highlights')
127.215  000.076  000.076: require('ibl.autocmds')
127.325  000.108  000.108: require('ibl.inlay_hints')
127.447  000.121  000.121: require('ibl.virt_text')
127.879  000.345  000.345: require('ibl.scope_languages')
127.937  000.489  000.143: require('ibl.scope')
127.946  002.047  000.321: require('ibl')
128.657  000.656  000.656: require('vim.iter')
129.791  000.290  000.290: require('vim.lsp.log')
130.480  000.686  000.686: require('vim.lsp.protocol')
131.747  001.264  001.264: require('vim.lsp.util')
132.262  000.233  000.233: require('vim.lsp.sync')
132.266  000.516  000.283: require('vim.lsp._changetracking')
132.858  000.195  000.195: require('vim.lsp._transport')
132.922  000.654  000.459: require('vim.lsp.rpc')
132.999  004.322  000.912: require('vim.lsp')
133.998  000.517  000.517: require('vim.lsp.completion')
134.041  001.040  000.523: require('vim.lsp.handlers')
134.472  000.326  000.326: require('illuminate')
134.658  000.183  000.183: require('illuminate.config')
134.845  000.174  000.174: require('gitsigns')
135.147  000.280  000.280: require('gitsigns.config')
135.621  000.377  000.377: require('gitsigns.highlight')
135.811  000.180  000.180: require('gitsigns.debug.log')
136.178  000.079  000.079: require('gitsigns.debounce')
136.231  000.041  000.041: require('flash')
136.413  000.181  000.181: require('flash.config')
136.637  000.046  000.046: require('flash.require')
136.647  000.186  000.140: require('flash.plugins.search')
136.905  000.243  000.243: require('flash.plugins.char')
136.962  000.056  000.056: require('flash.repeat')
137.618  000.503  000.503: require('conform')
137.840  000.028  000.028: require('bufferline.lazy')
138.040  000.192  000.192: require('bufferline.commands')
138.449  000.406  000.406: require('bufferline.config')
138.452  000.817  000.191: require('bufferline')
139.049  000.201  000.201: require('bufferline.utils')
139.051  000.593  000.392: require('bufferline.groups')
139.111  000.045  000.045: require('bufferline.constants')
139.199  000.084  000.084: require('bufferline.colors')
139.504  000.153  000.153: require('bufferline.highlights')
140.811  000.832  000.832: require('bufferline.hover')
141.444  000.521  000.521: require('bufferline.ui')
142.852  001.399  001.399: require('vim.diagnostic')
143.604  000.699  000.699: require('alpha')
143.762  000.150  000.150: require('alpha.themes.dashboard')
143.925  000.106  000.106: require('alpha.term')
145.141  000.236  000.236: require('cmp_nvim_lsp.source')
145.146  000.513  000.277: require('cmp_nvim_lsp')
145.536  130.157  027.393: sourcing /home/zelda/.config/nvim/init.lua
145.547  012.514: sourcing vimrc file(s)
150.364  000.016  000.016: sourcing /run/current-system/sw/share/nvim/site/ftdetect/ghostty.vim
150.405  002.152  002.136: sourcing nvim_exec2() called at /nix/store/hfkb9ra95dxapix5pdzs8zs70ggkrlxr-neovim-unwrapped-0.11.4/share/nvim/runtime/filetype.lua:0
150.411  002.300  000.148: sourcing /nix/store/hfkb9ra95dxapix5pdzs8zs70ggkrlxr-neovim-unwrapped-0.11.4/share/nvim/runtime/filetype.lua
151.746  000.054  000.054: sourcing /nix/store/hfkb9ra95dxapix5pdzs8zs70ggkrlxr-neovim-unwrapped-0.11.4/share/nvim/runtime/syntax/synload.vim
151.809  001.345  001.292: sourcing /nix/store/hfkb9ra95dxapix5pdzs8zs70ggkrlxr-neovim-unwrapped-0.11.4/share/nvim/runtime/syntax/syntax.vim
153.233  000.564  000.564: require('gitsigns.async')
159.761  000.353  000.353: sourcing /etc/profiles/per-user/zelda/share/nvim/site/plugin/fzf.vim
160.047  000.103  000.103: sourcing /nix/store/hfkb9ra95dxapix5pdzs8zs70ggkrlxr-neovim-unwrapped-0.11.4/share/nvim/runtime/plugin/gzip.vim
161.824  000.159  000.159: sourcing /nix/store/hfkb9ra95dxapix5pdzs8zs70ggkrlxr-neovim-unwrapped-0.11.4/share/nvim/runtime/pack/dist/opt/matchit/plugin/matchit.vim
162.141  002.085  001.926: sourcing /nix/store/hfkb9ra95dxapix5pdzs8zs70ggkrlxr-neovim-unwrapped-0.11.4/share/nvim/runtime/plugin/matchit.vim
162.236  000.084  000.084: sourcing /nix/store/hfkb9ra95dxapix5pdzs8zs70ggkrlxr-neovim-unwrapped-0.11.4/share/nvim/runtime/plugin/matchparen.vim
162.250  000.006  000.006: sourcing /nix/store/hfkb9ra95dxapix5pdzs8zs70ggkrlxr-neovim-unwrapped-0.11.4/share/nvim/runtime/plugin/netrwPlugin.vim
162.306  000.003  000.003: sourcing /nix/store/27vjlbqsv2vmk2vvslp5daaqli8kq7d2-neovim-0.11.4/rplugin.vim
162.381  000.123  000.120: sourcing /nix/store/hfkb9ra95dxapix5pdzs8zs70ggkrlxr-neovim-unwrapped-0.11.4/share/nvim/runtime/plugin/rplugin.vim
162.428  000.035  000.035: sourcing /nix/store/hfkb9ra95dxapix5pdzs8zs70ggkrlxr-neovim-unwrapped-0.11.4/share/nvim/runtime/plugin/shada.vim
162.446  000.008  000.008: sourcing /nix/store/hfkb9ra95dxapix5pdzs8zs70ggkrlxr-neovim-unwrapped-0.11.4/share/nvim/runtime/plugin/spellfile.vim
162.513  000.060  000.060: sourcing /nix/store/hfkb9ra95dxapix5pdzs8zs70ggkrlxr-neovim-unwrapped-0.11.4/share/nvim/runtime/plugin/tarPlugin.vim
162.532  000.011  000.011: sourcing /nix/store/hfkb9ra95dxapix5pdzs8zs70ggkrlxr-neovim-unwrapped-0.11.4/share/nvim/runtime/plugin/tutor.vim
162.610  000.069  000.069: sourcing /nix/store/hfkb9ra95dxapix5pdzs8zs70ggkrlxr-neovim-unwrapped-0.11.4/share/nvim/runtime/plugin/zipPlugin.vim
162.702  000.079  000.079: sourcing /nix/store/hfkb9ra95dxapix5pdzs8zs70ggkrlxr-neovim-unwrapped-0.11.4/share/nvim/runtime/plugin/editorconfig.lua
162.844  000.132  000.132: sourcing /nix/store/hfkb9ra95dxapix5pdzs8zs70ggkrlxr-neovim-unwrapped-0.11.4/share/nvim/runtime/plugin/man.lua
162.971  000.116  000.116: sourcing /nix/store/hfkb9ra95dxapix5pdzs8zs70ggkrlxr-neovim-unwrapped-0.11.4/share/nvim/runtime/plugin/osc52.lua
163.028  000.047  000.047: sourcing /nix/store/hfkb9ra95dxapix5pdzs8zs70ggkrlxr-neovim-unwrapped-0.11.4/share/nvim/runtime/plugin/tohtml.lua
163.060  009.993: loading rtp plugins
167.108  000.036  000.036: sourcing /nix/store/8wwnbwqqhw7x74z0qd4c5qm27pd74qgf-packdir-start/pack/myNeovimPackages/start/conform.nvim/plugin/conform.lua
167.236  000.016  000.016: sourcing /nix/store/8wwnbwqqhw7x74z0qd4c5qm27pd74qgf-packdir-start/pack/myNeovimPackages/start/luasnip/plugin/luasnip.vim
167.824  000.579  000.579: sourcing /nix/store/8wwnbwqqhw7x74z0qd4c5qm27pd74qgf-packdir-start/pack/myNeovimPackages/start/luasnip/plugin/luasnip.lua
168.167  000.277  000.277: sourcing /nix/store/8wwnbwqqhw7x74z0qd4c5qm27pd74qgf-packdir-start/pack/myNeovimPackages/start/neo-tree.nvim/plugin/neo-tree.lua
182.654  014.226  014.226: require('cmp.utils.highlight')
183.202  000.014  000.014: sourcing nvim_exec2() called at /nix/store/yqxp0wilj94rcb6vcv0nsiknkzw05ph1-vimplugin-luajit2.1-nvim-cmp-scm-1-unstable-scm-1/plugin/cmp.lua:0
183.206  014.971  000.732: sourcing /nix/store/8wwnbwqqhw7x74z0qd4c5qm27pd74qgf-packdir-start/pack/myNeovimPackages/start/nvim-cmp/plugin/cmp.lua
184.687  000.829  000.829: require('lspconfig.util')
184.707  001.423  000.594: sourcing /nix/store/8wwnbwqqhw7x74z0qd4c5qm27pd74qgf-packdir-start/pack/myNeovimPackages/start/nvim-lspconfig/plugin/lspconfig.lua
185.860  000.168  000.168: require('nvim-treesitter.info')
186.069  000.206  000.206: require('nvim-treesitter.shell_command_selectors')
186.086  001.138  000.764: require('nvim-treesitter.install')
186.179  000.091  000.091: require('nvim-treesitter.statusline')
186.324  000.143  000.143: require('nvim-treesitter.query_predicates')
186.325  001.509  000.137: require('nvim-treesitter')
186.830  002.059  000.550: sourcing /nix/store/8wwnbwqqhw7x74z0qd4c5qm27pd74qgf-packdir-start/pack/myNeovimPackages/start/nvim-treesitter/plugin/nvim-treesitter.lua
186.925  000.034  000.034: sourcing /nix/store/8wwnbwqqhw7x74z0qd4c5qm27pd74qgf-packdir-start/pack/myNeovimPackages/start/nvim-web-devicons/plugin/nvim-web-devicons.vim
187.007  000.020  000.020: sourcing /nix/store/8wwnbwqqhw7x74z0qd4c5qm27pd74qgf-packdir-start/pack/myNeovimPackages/start/plenary.nvim/plugin/plenary.vim
187.231  000.174  000.174: sourcing /nix/store/8wwnbwqqhw7x74z0qd4c5qm27pd74qgf-packdir-start/pack/myNeovimPackages/start/telescope.nvim/plugin/telescope.lua
187.927  000.124  000.124: require('illuminate.util')
188.063  000.134  000.134: require('illuminate.reference')
188.066  000.406  000.149: require('illuminate.highlight')
188.072  000.702  000.296: require('illuminate.engine')
188.176  000.006  000.006: sourcing nvim_exec2() called at /nix/store/nxbr3k8lxwbj3ww7cbjyai1mbxixdlgs-vimplugin-vim-illuminate-2025-05-24/plugin/illuminate.vim:52
188.218  000.917  000.208: sourcing /nix/store/8wwnbwqqhw7x74z0qd4c5qm27pd74qgf-packdir-start/pack/myNeovimPackages/start/vim-illuminate/plugin/illuminate.vim
192.192  000.039  000.039: sourcing /nix/store/8wwnbwqqhw7x74z0qd4c5qm27pd74qgf-packdir-start/pack/myNeovimPackages/start/which-key.nvim/plugin/which-key.lua
193.419  009.815: loading packages
193.820  000.041  000.041: require('cmp_buffer.timer')
193.824  000.211  000.170: require('cmp_buffer.buffer')
193.826  000.313  000.102: require('cmp_buffer.source')
193.829  000.351  000.039: require('cmp_buffer')
193.912  000.445  000.094: sourcing /nix/store/9vm1ybl40ds3k5p87a42aww4hlhsjxkv-vim-pack-dir/pack/myNeovimPackages/start/cmp-buffer/after/plugin/cmp_buffer.lua
193.984  000.024  000.024: sourcing /nix/store/9vm1ybl40ds3k5p87a42aww4hlhsjxkv-vim-pack-dir/pack/myNeovimPackages/start/cmp-nvim-lsp/after/plugin/cmp_nvim_lsp.lua
194.202  000.172  000.172: require('cmp_path')
194.223  000.200  000.028: sourcing /nix/store/9vm1ybl40ds3k5p87a42aww4hlhsjxkv-vim-pack-dir/pack/myNeovimPackages/start/cmp-path/after/plugin/cmp_path.lua
194.421  000.141  000.141: require('cmp_luasnip')
194.480  000.215  000.074: sourcing /nix/store/9vm1ybl40ds3k5p87a42aww4hlhsjxkv-vim-pack-dir/pack/myNeovimPackages/start/cmp_luasnip/after/plugin/cmp_luasnip.lua
194.575  000.047  000.047: sourcing /nix/store/9vm1ybl40ds3k5p87a42aww4hlhsjxkv-vim-pack-dir/pack/myNeovimPackages/start/indent-blankline.nvim/after/plugin/commands.lua
194.576  000.225: loading after plugins
194.585  000.009: inits 3
195.776  001.191: reading ShaDa
197.866  000.491  000.491: require('luasnip.loaders.from_lua')
198.208  000.334  000.334: require('luasnip.loaders.from_snipmate')
198.230  001.629: opening buffers
198.458  000.074  000.074: require('bufferline.state')
198.469  000.166: BufEnter autocommands
198.472  000.003: editing files in windows
198.478  000.006: --- NVIM STARTED ---

